[debug] [2018-08-02T22:55:18.260Z] ----------------------------------------------------------------------
[debug] [2018-08-02T22:55:18.264Z] Command:       C:\Program Files\nodejs\node.exe C:\Users\Emmanuel\AppData\Roaming\npm\node_modules\firebase-tools\bin\firebase init hosting
[debug] [2018-08-02T22:55:18.264Z] CLI Version:   3.17.4
[debug] [2018-08-02T22:55:18.264Z] Platform:      win32
[debug] [2018-08-02T22:55:18.264Z] Node Version:  v9.7.1
[debug] [2018-08-02T22:55:18.323Z] Time:          Thu Aug 02 2018 23:55:18 GMT+0100 (W. Central Africa Standard Time)
[debug] [2018-08-02T22:55:18.323Z] ----------------------------------------------------------------------
[debug] 
[debug] [2018-08-02T22:55:18.539Z] > command requires scopes: ["email","openid","https://www.googleapis.com/auth/cloudplatformprojects.readonly","https://www.googleapis.com/auth/firebase"]
[debug] [2018-08-02T22:55:18.539Z] > authorizing via signed-in user
[info] 
     ######## #### ########  ######## ########     ###     ######  ########
     ##        ##  ##     ## ##       ##     ##  ##   ##  ##       ##
     ######    ##  ########  ######   ########  #########  ######  ######
     ##        ##  ##    ##  ##       ##     ## ##     ##       ## ##
     ##       #### ##     ## ######## ########  ##     ##  ######  ########

You're about to initialize a Firebase project in this directory:

  C:\projects\flu

Before we get started, keep in mind:

  * You are currently outside your home directory
  * You are initializing in an existing Firebase project directory

